<?xml version="1.0" encoding="UTF-8"?>
<!-- Generated by org.testng.reporters.JUnitReportReporter -->
<testsuite skipped="0" hostname="LAPTOP-D2ATB4FR" name="pkjTestCasesClasses.Test_Check_Login_To_Flipkart" tests="2" failures="0" timestamp="22 Jul 2020 06:32:40 GMT" time="88.519" errors="0">
  <testcase name="login" time="44.364" classname="pkjTestCasesClasses.Test_Check_Login_To_Flipkart"/>
  <testcase name="login" time="44.155" classname="pkjTestCasesClasses.Test_Check_Login_To_Flipkart"/>
</testsuite> <!-- pkjTestCasesClasses.Test_Check_Login_To_Flipkart -->
