<?xml version="1.0" encoding="UTF-8"?>
<!-- Generated by org.testng.reporters.JUnitReportReporter -->
<testsuite skipped="0" hostname="LAPTOP-D2ATB4FR" name="pkjTestCasesClasses.NewTest" tests="1" failures="0" timestamp="10 Jun 2020 12:03:45 GMT" time="0.016" errors="0">
  <testcase name="f" time="0.016" classname="pkjTestCasesClasses.NewTest"/>
</testsuite> <!-- pkjTestCasesClasses.NewTest -->
