<?xml version="1.0" encoding="UTF-8"?>
<!-- Generated by org.testng.reporters.JUnitReportReporter -->
<testsuite skipped="0" hostname="LAPTOP-D2ATB4FR" name="pkjTestCasesClasses.Test_Check_Login_To_Flipkart" tests="2" failures="0" timestamp="30 Jun 2020 04:56:36 GMT" time="151.728" errors="0">
  <testcase name="login" time="42.878" classname="pkjTestCasesClasses.Test_Check_Login_To_Flipkart"/>
  <testcase name="login" time="108.850" classname="pkjTestCasesClasses.Test_Check_Login_To_Flipkart"/>
</testsuite> <!-- pkjTestCasesClasses.Test_Check_Login_To_Flipkart -->
