<?xml version="1.0" encoding="UTF-8"?>
<!-- Generated by org.testng.reporters.JUnitReportReporter -->
<testsuite skipped="0" hostname="LAPTOP-D2ATB4FR" name="pkjTestCasesClasses.Test_Check_Login_To_Flipkart" tests="1" failures="0" timestamp="11 Jun 2020 17:40:43 GMT" time="54.661" errors="0">
  <testcase name="login" time="54.661" classname="pkjTestCasesClasses.Test_Check_Login_To_Flipkart"/>
</testsuite> <!-- pkjTestCasesClasses.Test_Check_Login_To_Flipkart -->
