<?xml version="1.0" encoding="UTF-8"?>
<!-- Generated by org.testng.reporters.JUnitReportReporter -->
<testsuite skipped="0" hostname="LAPTOP-D2ATB4FR" name="pkjTestCasesClasses.InitAfterSuite" tests="1" failures="0" timestamp="14 Jun 2020 09:31:13 GMT" time="0.003" errors="0">
  <testcase name="f" time="0.003" classname="pkjTestCasesClasses.InitAfterSuite"/>
</testsuite> <!-- pkjTestCasesClasses.InitAfterSuite -->
