<?xml version="1.0" encoding="UTF-8"?>
<!-- Generated by org.testng.reporters.JUnitReportReporter -->
<testsuite skipped="0" hostname="LAPTOP-D2ATB4FR" name="pkjTestCasesClasses.NewTest" tests="1" failures="0" timestamp="27 Dec 2020 03:02:41 GMT" time="20.656" errors="0">
  <testcase name="f" time="20.656" classname="pkjTestCasesClasses.NewTest"/>
</testsuite> <!-- pkjTestCasesClasses.NewTest -->
