<?xml version="1.0" encoding="UTF-8"?>
<!-- Generated by org.testng.reporters.JUnitReportReporter -->
<testsuite skipped="0" hostname="LAPTOP-D2ATB4FR" name="pkjTestCasesClasses.Test_Check_Login_To_Flipkart" tests="2" failures="0" timestamp="20 Dec 2020 13:47:39 GMT" time="86.225" errors="0">
  <testcase name="login" time="43.014" classname="pkjTestCasesClasses.Test_Check_Login_To_Flipkart"/>
  <testcase name="login" time="43.211" classname="pkjTestCasesClasses.Test_Check_Login_To_Flipkart"/>
</testsuite> <!-- pkjTestCasesClasses.Test_Check_Login_To_Flipkart -->
