<?xml version="1.0" encoding="UTF-8"?>
<!-- Generated by org.testng.reporters.JUnitReportReporter -->
<testsuite hostname="LAPTOP-D2ATB4FR" failures="0" tests="2" name="pkjTestCasesClasses.Test_Login_To_Flipkart" time="85.081" errors="0" timestamp="09 Feb 2021 03:00:30 GMT" skipped="0">
  <testcase classname="pkjTestCasesClasses.Test_Login_To_Flipkart" name="login" time="42.516"/>
  <testcase classname="pkjTestCasesClasses.Test_Login_To_Flipkart" name="login" time="42.565"/>
</testsuite> <!-- pkjTestCasesClasses.Test_Login_To_Flipkart -->
