<?xml version="1.0" encoding="UTF-8"?>
<!-- Generated by org.testng.reporters.JUnitReportReporter -->
<testsuite hostname="LAPTOP-D2ATB4FR" failures="0" tests="2" name="pkjTestCasesClasses.Test_Login_To_Flipkart" time="84.975" errors="0" timestamp="08 Feb 2021 14:30:18 GMT" skipped="0">
  <testcase classname="pkjTestCasesClasses.Test_Login_To_Flipkart" name="login" time="42.463"/>
  <testcase classname="pkjTestCasesClasses.Test_Login_To_Flipkart" name="login" time="42.512"/>
</testsuite> <!-- pkjTestCasesClasses.Test_Login_To_Flipkart -->
