<?xml version="1.0" encoding="UTF-8"?>
<!-- Generated by org.testng.reporters.JUnitReportReporter -->
<testsuite hostname="LAPTOP-D2ATB4FR" failures="0" tests="2" name="pkjTestCasesClasses.Test_Check_Login_To_Flipkart" time="853.529" errors="0" timestamp="03 Jul 2020 11:42:02 GMT" skipped="0">
  <testcase classname="pkjTestCasesClasses.Test_Check_Login_To_Flipkart" name="login" time="425.680"/>
  <testcase classname="pkjTestCasesClasses.Test_Check_Login_To_Flipkart" name="login" time="427.849"/>
</testsuite> <!-- pkjTestCasesClasses.Test_Check_Login_To_Flipkart -->
