<?xml version="1.0" encoding="UTF-8"?>
<!-- Generated by org.testng.reporters.JUnitReportReporter -->
<testsuite skipped="0" hostname="LAPTOP-D2ATB4FR" name="pkjTestCasesClasses.Test_Login_To_Flipkart" tests="2" failures="0" timestamp="08 Feb 2021 12:52:07 GMT" time="85.839" errors="0">
  <testcase name="login" time="42.900" classname="pkjTestCasesClasses.Test_Login_To_Flipkart"/>
  <testcase name="login" time="42.939" classname="pkjTestCasesClasses.Test_Login_To_Flipkart"/>
</testsuite> <!-- pkjTestCasesClasses.Test_Login_To_Flipkart -->
