<?xml version="1.0" encoding="UTF-8"?>
<!-- Generated by org.testng.reporters.JUnitReportReporter -->
<testsuite skipped="0" hostname="LAPTOP-D2ATB4FR" name="pkjTestCasesClasses.Test_Login_To_Flipkart" tests="2" failures="0" timestamp="22 Jul 2020 06:20:14 GMT" time="87.432" errors="0">
  <testcase name="login" time="43.806" classname="pkjTestCasesClasses.Test_Login_To_Flipkart"/>
  <testcase name="login" time="43.626" classname="pkjTestCasesClasses.Test_Login_To_Flipkart"/>
</testsuite> <!-- pkjTestCasesClasses.Test_Login_To_Flipkart -->
