<?xml version="1.0" encoding="UTF-8"?>
<testsuite xmlns:xsi="http://www.w3.org/2001/XMLSchema-instance" xsi:noNamespaceSchemaLocation="https://maven.apache.org/surefire/maven-surefire-plugin/xsd/surefire-test-report-3.0.xsd" version="3.0" name="TestSuite" time="606.214" tests="5" errors="0" skipped="4" failures="1">
  <properties>
    <property name="sun.desktop" value="windows"/>
    <property name="awt.toolkit" value="sun.awt.windows.WToolkit"/>
    <property name="java.specification.version" value="11"/>
    <property name="webdriver.chrome.driver" value="G:\chromedriver.exe"/>
    <property name="sun.cpu.isalist" value="amd64"/>
    <property name="sun.jnu.encoding" value="Cp1252"/>
    <property name="java.class.path" value="C:\Users\vijay\git\newFramework\NewFramework\target\test-classes;C:\Users\vijay\git\newFramework\NewFramework\target\classes;C:\WINDOWS\system32\config\systemprofile\.m2\repository\junit\junit\4.12\junit-4.12.jar;C:\WINDOWS\system32\config\systemprofile\.m2\repository\org\hamcrest\hamcrest-core\1.3\hamcrest-core-1.3.jar;C:\WINDOWS\system32\config\systemprofile\.m2\repository\org\testng\testng\6.14.2\testng-6.14.2.jar;C:\WINDOWS\system32\config\systemprofile\.m2\repository\com\beust\jcommander\1.72\jcommander-1.72.jar;C:\WINDOWS\system32\config\systemprofile\.m2\repository\org\apache-extras\beanshell\bsh\2.0b6\bsh-2.0b6.jar;C:\WINDOWS\system32\config\systemprofile\.m2\repository\io\cucumber\cucumber-junit\5.5.0\cucumber-junit-5.5.0.jar;C:\WINDOWS\system32\config\systemprofile\.m2\repository\org\apiguardian\apiguardian-api\1.1.0\apiguardian-api-1.1.0.jar;C:\WINDOWS\system32\config\systemprofile\.m2\repository\io\cucumber\cucumber-java\5.5.0\cucumber-java-5.5.0.jar;C:\WINDOWS\system32\config\systemprofile\.m2\repository\io\cucumber\cucumber-core\5.5.0\cucumber-core-5.5.0.jar;C:\WINDOWS\system32\config\systemprofile\.m2\repository\io\cucumber\cucumber-gherkin-vintage\5.5.0\cucumber-gherkin-vintage-5.5.0.jar;C:\WINDOWS\system32\config\systemprofile\.m2\repository\io\cucumber\tag-expressions\2.0.4\tag-expressions-2.0.4.jar;C:\WINDOWS\system32\config\systemprofile\.m2\repository\io\cucumber\cucumber-expressions\8.3.1\cucumber-expressions-8.3.1.jar;C:\WINDOWS\system32\config\systemprofile\.m2\repository\io\cucumber\datatable\3.3.0\datatable-3.3.0.jar;C:\WINDOWS\system32\config\systemprofile\.m2\repository\io\cucumber\cucumber-plugin\5.5.0\cucumber-plugin-5.5.0.jar;C:\WINDOWS\system32\config\systemprofile\.m2\repository\io\cucumber\docstring\5.5.0\docstring-5.5.0.jar;C:\WINDOWS\system32\config\systemprofile\.m2\repository\io\cucumber\cucumber-testng\5.5.0\cucumber-testng-5.5.0.jar;C:\WINDOWS\system32\config\systemprofile\.m2\repository\io\cucumber\cucumber-gherkin\5.5.0\cucumber-gherkin-5.5.0.jar;C:\WINDOWS\system32\config\systemprofile\.m2\repository\org\seleniumhq\selenium\selenium-java\3.5.3\selenium-java-3.5.3.jar;C:\WINDOWS\system32\config\systemprofile\.m2\repository\org\seleniumhq\selenium\selenium-api\3.5.3\selenium-api-3.5.3.jar;C:\WINDOWS\system32\config\systemprofile\.m2\repository\org\seleniumhq\selenium\selenium-chrome-driver\3.5.3\selenium-chrome-driver-3.5.3.jar;C:\WINDOWS\system32\config\systemprofile\.m2\repository\org\seleniumhq\selenium\selenium-edge-driver\3.5.3\selenium-edge-driver-3.5.3.jar;C:\WINDOWS\system32\config\systemprofile\.m2\repository\org\seleniumhq\selenium\selenium-firefox-driver\3.5.3\selenium-firefox-driver-3.5.3.jar;C:\WINDOWS\system32\config\systemprofile\.m2\repository\org\seleniumhq\selenium\selenium-ie-driver\3.5.3\selenium-ie-driver-3.5.3.jar;C:\WINDOWS\system32\config\systemprofile\.m2\repository\org\seleniumhq\selenium\selenium-opera-driver\3.5.3\selenium-opera-driver-3.5.3.jar;C:\WINDOWS\system32\config\systemprofile\.m2\repository\org\seleniumhq\selenium\selenium-remote-driver\3.5.3\selenium-remote-driver-3.5.3.jar;C:\WINDOWS\system32\config\systemprofile\.m2\repository\org\seleniumhq\selenium\selenium-safari-driver\3.5.3\selenium-safari-driver-3.5.3.jar;C:\WINDOWS\system32\config\systemprofile\.m2\repository\org\seleniumhq\selenium\selenium-support\3.5.3\selenium-support-3.5.3.jar;C:\WINDOWS\system32\config\systemprofile\.m2\repository\cglib\cglib-nodep\3.2.4\cglib-nodep-3.2.4.jar;C:\WINDOWS\system32\config\systemprofile\.m2\repository\org\apache\commons\commons-exec\1.3\commons-exec-1.3.jar;C:\WINDOWS\system32\config\systemprofile\.m2\repository\org\apache\commons\commons-lang3\3.5\commons-lang3-3.5.jar;C:\WINDOWS\system32\config\systemprofile\.m2\repository\commons-codec\commons-codec\1.10\commons-codec-1.10.jar;C:\WINDOWS\system32\config\systemprofile\.m2\repository\commons-io\commons-io\2.5\commons-io-2.5.jar;C:\WINDOWS\system32\config\systemprofile\.m2\repository\commons-logging\commons-logging\1.2\commons-logging-1.2.jar;C:\WINDOWS\system32\config\systemprofile\.m2\repository\org\w3c\css\sac\1.3\sac-1.3.jar;C:\WINDOWS\system32\config\systemprofile\.m2\repository\net\sourceforge\cssparser\cssparser\0.9.23\cssparser-0.9.23.jar;C:\WINDOWS\system32\config\systemprofile\.m2\repository\com\google\code\gson\gson\2.8.0\gson-2.8.0.jar;C:\WINDOWS\system32\config\systemprofile\.m2\repository\com\google\guava\guava\23.0\guava-23.0.jar;C:\WINDOWS\system32\config\systemprofile\.m2\repository\com\google\code\findbugs\jsr305\1.3.9\jsr305-1.3.9.jar;C:\WINDOWS\system32\config\systemprofile\.m2\repository\com\google\errorprone\error_prone_annotations\2.0.18\error_prone_annotations-2.0.18.jar;C:\WINDOWS\system32\config\systemprofile\.m2\repository\com\google\j2objc\j2objc-annotations\1.1\j2objc-annotations-1.1.jar;C:\WINDOWS\system32\config\systemprofile\.m2\repository\org\codehaus\mojo\animal-sniffer-annotations\1.14\animal-sniffer-annotations-1.14.jar;C:\WINDOWS\system32\config\systemprofile\.m2\repository\net\sourceforge\htmlunit\htmlunit\2.27\htmlunit-2.27.jar;C:\WINDOWS\system32\config\systemprofile\.m2\repository\net\sourceforge\htmlunit\htmlunit-core-js\2.27\htmlunit-core-js-2.27.jar;C:\WINDOWS\system32\config\systemprofile\.m2\repository\net\sourceforge\htmlunit\neko-htmlunit\2.27\neko-htmlunit-2.27.jar;C:\WINDOWS\system32\config\systemprofile\.m2\repository\org\apache\httpcomponents\httpclient\4.5.3\httpclient-4.5.3.jar;C:\WINDOWS\system32\config\systemprofile\.m2\repository\org\apache\httpcomponents\httpcore\4.4.6\httpcore-4.4.6.jar;C:\WINDOWS\system32\config\systemprofile\.m2\repository\org\apache\httpcomponents\httpmime\4.5.3\httpmime-4.5.3.jar;C:\WINDOWS\system32\config\systemprofile\.m2\repository\org\eclipse\jetty\jetty-client\9.4.5.v20170502\jetty-client-9.4.5.v20170502.jar;C:\WINDOWS\system32\config\systemprofile\.m2\repository\org\eclipse\jetty\jetty-http\9.4.5.v20170502\jetty-http-9.4.5.v20170502.jar;C:\WINDOWS\system32\config\systemprofile\.m2\repository\org\eclipse\jetty\jetty-io\9.4.5.v20170502\jetty-io-9.4.5.v20170502.jar;C:\WINDOWS\system32\config\systemprofile\.m2\repository\org\eclipse\jetty\jetty-util\9.4.5.v20170502\jetty-util-9.4.5.v20170502.jar;C:\WINDOWS\system32\config\systemprofile\.m2\repository\net\java\dev\jna\jna\4.1.0\jna-4.1.0.jar;C:\WINDOWS\system32\config\systemprofile\.m2\repository\net\java\dev\jna\jna-platform\4.1.0\jna-platform-4.1.0.jar;C:\WINDOWS\system32\config\systemprofile\.m2\repository\com\codeborne\phantomjsdriver\1.4.0\phantomjsdriver-1.4.0.jar;C:\WINDOWS\system32\config\systemprofile\.m2\repository\org\seleniumhq\selenium\htmlunit-driver\2.27\htmlunit-driver-2.27.jar;C:\WINDOWS\system32\config\systemprofile\.m2\repository\javax\servlet\javax.servlet-api\3.1.0\javax.servlet-api-3.1.0.jar;C:\WINDOWS\system32\config\systemprofile\.m2\repository\org\eclipse\jetty\websocket\websocket-api\9.4.5.v20170502\websocket-api-9.4.5.v20170502.jar;C:\WINDOWS\system32\config\systemprofile\.m2\repository\org\eclipse\jetty\websocket\websocket-client\9.4.5.v20170502\websocket-client-9.4.5.v20170502.jar;C:\WINDOWS\system32\config\systemprofile\.m2\repository\org\eclipse\jetty\websocket\websocket-common\9.4.5.v20170502\websocket-common-9.4.5.v20170502.jar;C:\WINDOWS\system32\config\systemprofile\.m2\repository\xalan\serializer\2.7.2\serializer-2.7.2.jar;C:\WINDOWS\system32\config\systemprofile\.m2\repository\xalan\xalan\2.7.2\xalan-2.7.2.jar;C:\WINDOWS\system32\config\systemprofile\.m2\repository\xerces\xercesImpl\2.11.0\xercesImpl-2.11.0.jar;C:\WINDOWS\system32\config\systemprofile\.m2\repository\xml-apis\xml-apis\1.4.01\xml-apis-1.4.01.jar;C:\WINDOWS\system32\config\systemprofile\.m2\repository\com\aventstack\extentreports\3.1.5\extentreports-3.1.5.jar;C:\WINDOWS\system32\config\systemprofile\.m2\repository\org\freemarker\freemarker\2.3.23\freemarker-2.3.23.jar;C:\WINDOWS\system32\config\systemprofile\.m2\repository\org\mongodb\mongodb-driver\3.3.0\mongodb-driver-3.3.0.jar;C:\WINDOWS\system32\config\systemprofile\.m2\repository\org\mongodb\bson\3.3.0\bson-3.3.0.jar;C:\WINDOWS\system32\config\systemprofile\.m2\repository\org\mongodb\mongodb-driver-core\3.3.0\mongodb-driver-core-3.3.0.jar;C:\WINDOWS\system32\config\systemprofile\.m2\repository\org\jsoup\jsoup\1.9.2\jsoup-1.9.2.jar;C:\WINDOWS\system32\config\systemprofile\.m2\repository\org\apache\poi\poi\3.17\poi-3.17.jar;C:\WINDOWS\system32\config\systemprofile\.m2\repository\org\apache\commons\commons-collections4\4.1\commons-collections4-4.1.jar;C:\WINDOWS\system32\config\systemprofile\.m2\repository\org\apache\poi\poi-ooxml\3.17\poi-ooxml-3.17.jar;C:\WINDOWS\system32\config\systemprofile\.m2\repository\com\github\virtuald\curvesapi\1.04\curvesapi-1.04.jar;C:\WINDOWS\system32\config\systemprofile\.m2\repository\org\apache\poi\poi-ooxml-schemas\3.17\poi-ooxml-schemas-3.17.jar;C:\WINDOWS\system32\config\systemprofile\.m2\repository\org\apache\xmlbeans\xmlbeans\2.6.0\xmlbeans-2.6.0.jar;C:\WINDOWS\system32\config\systemprofile\.m2\repository\stax\stax-api\1.0.1\stax-api-1.0.1.jar;C:\WINDOWS\system32\config\systemprofile\.m2\repository\org\apache\poi\poi-scratchpad\3.17\poi-scratchpad-3.17.jar;C:\WINDOWS\system32\config\systemprofile\.m2\repository\org\apache\poi\poi-excelant\3.17\poi-excelant-3.17.jar;C:\WINDOWS\system32\config\systemprofile\.m2\repository\org\apache\ant\ant\1.8.2\ant-1.8.2.jar;C:\WINDOWS\system32\config\systemprofile\.m2\repository\org\apache\ant\ant-launcher\1.8.2\ant-launcher-1.8.2.jar;C:\WINDOWS\system32\config\systemprofile\.m2\repository\org\apache\poi\poi-examples\3.17\poi-examples-3.17.jar;"/>
    <property name="java.vm.vendor" value="Oracle Corporation"/>
    <property name="sun.arch.data.model" value="64"/>
    <property name="user.variant" value=""/>
    <property name="java.vendor.url" value="http://java.oracle.com/"/>
    <property name="user.timezone" value="Asia/Calcutta"/>
    <property name="java.vm.specification.version" value="11"/>
    <property name="os.name" value="Windows 10"/>
    <property name="sun.java.launcher" value="SUN_STANDARD"/>
    <property name="user.country" value="US"/>
    <property name="sun.boot.library.path" value="C:\Program Files\Java\jdk-11.0.2\bin"/>
    <property name="sun.java.command" value="C:\Windows\Temp\surefire6594857314935064972\surefirebooter8849247826116361316.jar C:\Windows\Temp\surefire6594857314935064972 2021-02-08T19-46-20_684-jvmRun1 surefire13330353907348235896tmp surefire_09444289347862941326tmp"/>
    <property name="jdk.debug" value="release"/>
    <property name="surefire.test.class.path" value="C:\Users\vijay\git\newFramework\NewFramework\target\test-classes;C:\Users\vijay\git\newFramework\NewFramework\target\classes;C:\WINDOWS\system32\config\systemprofile\.m2\repository\junit\junit\4.12\junit-4.12.jar;C:\WINDOWS\system32\config\systemprofile\.m2\repository\org\hamcrest\hamcrest-core\1.3\hamcrest-core-1.3.jar;C:\WINDOWS\system32\config\systemprofile\.m2\repository\org\testng\testng\6.14.2\testng-6.14.2.jar;C:\WINDOWS\system32\config\systemprofile\.m2\repository\com\beust\jcommander\1.72\jcommander-1.72.jar;C:\WINDOWS\system32\config\systemprofile\.m2\repository\org\apache-extras\beanshell\bsh\2.0b6\bsh-2.0b6.jar;C:\WINDOWS\system32\config\systemprofile\.m2\repository\io\cucumber\cucumber-junit\5.5.0\cucumber-junit-5.5.0.jar;C:\WINDOWS\system32\config\systemprofile\.m2\repository\org\apiguardian\apiguardian-api\1.1.0\apiguardian-api-1.1.0.jar;C:\WINDOWS\system32\config\systemprofile\.m2\repository\io\cucumber\cucumber-java\5.5.0\cucumber-java-5.5.0.jar;C:\WINDOWS\system32\config\systemprofile\.m2\repository\io\cucumber\cucumber-core\5.5.0\cucumber-core-5.5.0.jar;C:\WINDOWS\system32\config\systemprofile\.m2\repository\io\cucumber\cucumber-gherkin-vintage\5.5.0\cucumber-gherkin-vintage-5.5.0.jar;C:\WINDOWS\system32\config\systemprofile\.m2\repository\io\cucumber\tag-expressions\2.0.4\tag-expressions-2.0.4.jar;C:\WINDOWS\system32\config\systemprofile\.m2\repository\io\cucumber\cucumber-expressions\8.3.1\cucumber-expressions-8.3.1.jar;C:\WINDOWS\system32\config\systemprofile\.m2\repository\io\cucumber\datatable\3.3.0\datatable-3.3.0.jar;C:\WINDOWS\system32\config\systemprofile\.m2\repository\io\cucumber\cucumber-plugin\5.5.0\cucumber-plugin-5.5.0.jar;C:\WINDOWS\system32\config\systemprofile\.m2\repository\io\cucumber\docstring\5.5.0\docstring-5.5.0.jar;C:\WINDOWS\system32\config\systemprofile\.m2\repository\io\cucumber\cucumber-testng\5.5.0\cucumber-testng-5.5.0.jar;C:\WINDOWS\system32\config\systemprofile\.m2\repository\io\cucumber\cucumber-gherkin\5.5.0\cucumber-gherkin-5.5.0.jar;C:\WINDOWS\system32\config\systemprofile\.m2\repository\org\seleniumhq\selenium\selenium-java\3.5.3\selenium-java-3.5.3.jar;C:\WINDOWS\system32\config\systemprofile\.m2\repository\org\seleniumhq\selenium\selenium-api\3.5.3\selenium-api-3.5.3.jar;C:\WINDOWS\system32\config\systemprofile\.m2\repository\org\seleniumhq\selenium\selenium-chrome-driver\3.5.3\selenium-chrome-driver-3.5.3.jar;C:\WINDOWS\system32\config\systemprofile\.m2\repository\org\seleniumhq\selenium\selenium-edge-driver\3.5.3\selenium-edge-driver-3.5.3.jar;C:\WINDOWS\system32\config\systemprofile\.m2\repository\org\seleniumhq\selenium\selenium-firefox-driver\3.5.3\selenium-firefox-driver-3.5.3.jar;C:\WINDOWS\system32\config\systemprofile\.m2\repository\org\seleniumhq\selenium\selenium-ie-driver\3.5.3\selenium-ie-driver-3.5.3.jar;C:\WINDOWS\system32\config\systemprofile\.m2\repository\org\seleniumhq\selenium\selenium-opera-driver\3.5.3\selenium-opera-driver-3.5.3.jar;C:\WINDOWS\system32\config\systemprofile\.m2\repository\org\seleniumhq\selenium\selenium-remote-driver\3.5.3\selenium-remote-driver-3.5.3.jar;C:\WINDOWS\system32\config\systemprofile\.m2\repository\org\seleniumhq\selenium\selenium-safari-driver\3.5.3\selenium-safari-driver-3.5.3.jar;C:\WINDOWS\system32\config\systemprofile\.m2\repository\org\seleniumhq\selenium\selenium-support\3.5.3\selenium-support-3.5.3.jar;C:\WINDOWS\system32\config\systemprofile\.m2\repository\cglib\cglib-nodep\3.2.4\cglib-nodep-3.2.4.jar;C:\WINDOWS\system32\config\systemprofile\.m2\repository\org\apache\commons\commons-exec\1.3\commons-exec-1.3.jar;C:\WINDOWS\system32\config\systemprofile\.m2\repository\org\apache\commons\commons-lang3\3.5\commons-lang3-3.5.jar;C:\WINDOWS\system32\config\systemprofile\.m2\repository\commons-codec\commons-codec\1.10\commons-codec-1.10.jar;C:\WINDOWS\system32\config\systemprofile\.m2\repository\commons-io\commons-io\2.5\commons-io-2.5.jar;C:\WINDOWS\system32\config\systemprofile\.m2\repository\commons-logging\commons-logging\1.2\commons-logging-1.2.jar;C:\WINDOWS\system32\config\systemprofile\.m2\repository\org\w3c\css\sac\1.3\sac-1.3.jar;C:\WINDOWS\system32\config\systemprofile\.m2\repository\net\sourceforge\cssparser\cssparser\0.9.23\cssparser-0.9.23.jar;C:\WINDOWS\system32\config\systemprofile\.m2\repository\com\google\code\gson\gson\2.8.0\gson-2.8.0.jar;C:\WINDOWS\system32\config\systemprofile\.m2\repository\com\google\guava\guava\23.0\guava-23.0.jar;C:\WINDOWS\system32\config\systemprofile\.m2\repository\com\google\code\findbugs\jsr305\1.3.9\jsr305-1.3.9.jar;C:\WINDOWS\system32\config\systemprofile\.m2\repository\com\google\errorprone\error_prone_annotations\2.0.18\error_prone_annotations-2.0.18.jar;C:\WINDOWS\system32\config\systemprofile\.m2\repository\com\google\j2objc\j2objc-annotations\1.1\j2objc-annotations-1.1.jar;C:\WINDOWS\system32\config\systemprofile\.m2\repository\org\codehaus\mojo\animal-sniffer-annotations\1.14\animal-sniffer-annotations-1.14.jar;C:\WINDOWS\system32\config\systemprofile\.m2\repository\net\sourceforge\htmlunit\htmlunit\2.27\htmlunit-2.27.jar;C:\WINDOWS\system32\config\systemprofile\.m2\repository\net\sourceforge\htmlunit\htmlunit-core-js\2.27\htmlunit-core-js-2.27.jar;C:\WINDOWS\system32\config\systemprofile\.m2\repository\net\sourceforge\htmlunit\neko-htmlunit\2.27\neko-htmlunit-2.27.jar;C:\WINDOWS\system32\config\systemprofile\.m2\repository\org\apache\httpcomponents\httpclient\4.5.3\httpclient-4.5.3.jar;C:\WINDOWS\system32\config\systemprofile\.m2\repository\org\apache\httpcomponents\httpcore\4.4.6\httpcore-4.4.6.jar;C:\WINDOWS\system32\config\systemprofile\.m2\repository\org\apache\httpcomponents\httpmime\4.5.3\httpmime-4.5.3.jar;C:\WINDOWS\system32\config\systemprofile\.m2\repository\org\eclipse\jetty\jetty-client\9.4.5.v20170502\jetty-client-9.4.5.v20170502.jar;C:\WINDOWS\system32\config\systemprofile\.m2\repository\org\eclipse\jetty\jetty-http\9.4.5.v20170502\jetty-http-9.4.5.v20170502.jar;C:\WINDOWS\system32\config\systemprofile\.m2\repository\org\eclipse\jetty\jetty-io\9.4.5.v20170502\jetty-io-9.4.5.v20170502.jar;C:\WINDOWS\system32\config\systemprofile\.m2\repository\org\eclipse\jetty\jetty-util\9.4.5.v20170502\jetty-util-9.4.5.v20170502.jar;C:\WINDOWS\system32\config\systemprofile\.m2\repository\net\java\dev\jna\jna\4.1.0\jna-4.1.0.jar;C:\WINDOWS\system32\config\systemprofile\.m2\repository\net\java\dev\jna\jna-platform\4.1.0\jna-platform-4.1.0.jar;C:\WINDOWS\system32\config\systemprofile\.m2\repository\com\codeborne\phantomjsdriver\1.4.0\phantomjsdriver-1.4.0.jar;C:\WINDOWS\system32\config\systemprofile\.m2\repository\org\seleniumhq\selenium\htmlunit-driver\2.27\htmlunit-driver-2.27.jar;C:\WINDOWS\system32\config\systemprofile\.m2\repository\javax\servlet\javax.servlet-api\3.1.0\javax.servlet-api-3.1.0.jar;C:\WINDOWS\system32\config\systemprofile\.m2\repository\org\eclipse\jetty\websocket\websocket-api\9.4.5.v20170502\websocket-api-9.4.5.v20170502.jar;C:\WINDOWS\system32\config\systemprofile\.m2\repository\org\eclipse\jetty\websocket\websocket-client\9.4.5.v20170502\websocket-client-9.4.5.v20170502.jar;C:\WINDOWS\system32\config\systemprofile\.m2\repository\org\eclipse\jetty\websocket\websocket-common\9.4.5.v20170502\websocket-common-9.4.5.v20170502.jar;C:\WINDOWS\system32\config\systemprofile\.m2\repository\xalan\serializer\2.7.2\serializer-2.7.2.jar;C:\WINDOWS\system32\config\systemprofile\.m2\repository\xalan\xalan\2.7.2\xalan-2.7.2.jar;C:\WINDOWS\system32\config\systemprofile\.m2\repository\xerces\xercesImpl\2.11.0\xercesImpl-2.11.0.jar;C:\WINDOWS\system32\config\systemprofile\.m2\repository\xml-apis\xml-apis\1.4.01\xml-apis-1.4.01.jar;C:\WINDOWS\system32\config\systemprofile\.m2\repository\com\aventstack\extentreports\3.1.5\extentreports-3.1.5.jar;C:\WINDOWS\system32\config\systemprofile\.m2\repository\org\freemarker\freemarker\2.3.23\freemarker-2.3.23.jar;C:\WINDOWS\system32\config\systemprofile\.m2\repository\org\mongodb\mongodb-driver\3.3.0\mongodb-driver-3.3.0.jar;C:\WINDOWS\system32\config\systemprofile\.m2\repository\org\mongodb\bson\3.3.0\bson-3.3.0.jar;C:\WINDOWS\system32\config\systemprofile\.m2\repository\org\mongodb\mongodb-driver-core\3.3.0\mongodb-driver-core-3.3.0.jar;C:\WINDOWS\system32\config\systemprofile\.m2\repository\org\jsoup\jsoup\1.9.2\jsoup-1.9.2.jar;C:\WINDOWS\system32\config\systemprofile\.m2\repository\org\apache\poi\poi\3.17\poi-3.17.jar;C:\WINDOWS\system32\config\systemprofile\.m2\repository\org\apache\commons\commons-collections4\4.1\commons-collections4-4.1.jar;C:\WINDOWS\system32\config\systemprofile\.m2\repository\org\apache\poi\poi-ooxml\3.17\poi-ooxml-3.17.jar;C:\WINDOWS\system32\config\systemprofile\.m2\repository\com\github\virtuald\curvesapi\1.04\curvesapi-1.04.jar;C:\WINDOWS\system32\config\systemprofile\.m2\repository\org\apache\poi\poi-ooxml-schemas\3.17\poi-ooxml-schemas-3.17.jar;C:\WINDOWS\system32\config\systemprofile\.m2\repository\org\apache\xmlbeans\xmlbeans\2.6.0\xmlbeans-2.6.0.jar;C:\WINDOWS\system32\config\systemprofile\.m2\repository\stax\stax-api\1.0.1\stax-api-1.0.1.jar;C:\WINDOWS\system32\config\systemprofile\.m2\repository\org\apache\poi\poi-scratchpad\3.17\poi-scratchpad-3.17.jar;C:\WINDOWS\system32\config\systemprofile\.m2\repository\org\apache\poi\poi-excelant\3.17\poi-excelant-3.17.jar;C:\WINDOWS\system32\config\systemprofile\.m2\repository\org\apache\ant\ant\1.8.2\ant-1.8.2.jar;C:\WINDOWS\system32\config\systemprofile\.m2\repository\org\apache\ant\ant-launcher\1.8.2\ant-launcher-1.8.2.jar;C:\WINDOWS\system32\config\systemprofile\.m2\repository\org\apache\poi\poi-examples\3.17\poi-examples-3.17.jar;"/>
    <property name="sun.cpu.endian" value="little"/>
    <property name="user.home" value="C:\WINDOWS\system32\config\systemprofile"/>
    <property name="user.language" value="en"/>
    <property name="java.specification.vendor" value="Oracle Corporation"/>
    <property name="java.version.date" value="2019-01-15"/>
    <property name="java.home" value="C:\Program Files\Java\jdk-11.0.2"/>
    <property name="file.separator" value="\"/>
    <property name="basedir" value="C:\Users\vijay\git\newFramework\NewFramework"/>
    <property name="java.vm.compressedOopsMode" value="Zero based"/>
    <property name="line.separator" value="&#10;"/>
    <property name="java.specification.name" value="Java Platform API Specification"/>
    <property name="java.vm.specification.vendor" value="Oracle Corporation"/>
    <property name="java.awt.graphicsenv" value="sun.awt.Win32GraphicsEnvironment"/>
    <property name="surefire.real.class.path" value="C:\Windows\Temp\surefire6594857314935064972\surefirebooter8849247826116361316.jar"/>
    <property name="user.script" value=""/>
    <property name="sun.management.compiler" value="HotSpot 64-Bit Tiered Compilers"/>
    <property name="java.runtime.version" value="11.0.2+9-LTS"/>
    <property name="user.name" value="LAPTOP-D2ATB4FR$"/>
    <property name="path.separator" value=";"/>
    <property name="os.version" value="10.0"/>
    <property name="java.runtime.name" value="Java(TM) SE Runtime Environment"/>
    <property name="file.encoding" value="Cp1252"/>
    <property name="java.vm.name" value="Java HotSpot(TM) 64-Bit Server VM"/>
    <property name="java.vendor.version" value="18.9"/>
    <property name="localRepository" value="C:\WINDOWS\system32\config\systemprofile\.m2\repository"/>
    <property name="java.vendor.url.bug" value="http://bugreport.java.com/bugreport/"/>
    <property name="java.io.tmpdir" value="C:\WINDOWS\TEMP\"/>
    <property name="java.version" value="11.0.2"/>
    <property name="user.dir" value="C:\Users\vijay\git\newFramework\NewFramework"/>
    <property name="os.arch" value="amd64"/>
    <property name="java.vm.specification.name" value="Java Virtual Machine Specification"/>
    <property name="java.awt.printerjob" value="sun.awt.windows.WPrinterJob"/>
    <property name="sun.os.patch.level" value=""/>
    <property name="java.library.path" value="C:\Program Files\Java\jdk-11.0.2\bin;C:\WINDOWS\Sun\Java\bin;C:\WINDOWS\system32;C:\WINDOWS;C:\Program Files (x86)\Jenkins\tools\hudson.tasks.Maven_MavenInstallation\MAVEN_HOME/bin;C:\Program Files\Java\jdk-11.0.2/bin;C:\Program Files\Java\jdk-11.0.2/bin;C:\Program Files\Java\jdk1.8.0_144\jre\bin;C:\WINDOWS\system32;C:\WINDOWS;C:\WINDOWS\System32\Wbem;C:\WINDOWS\System32\WindowsPowerShell\v1.0\;C:\WINDOWS\System32\OpenSSH\;C:\Program Files\dotnet\;C:\Program Files\Microsoft SQL Server\130\Tools\Binn\;C:\WINDOWS\system32\config\systemprofile\AppData\Local\Microsoft\WindowsApps;."/>
    <property name="java.vendor" value="Oracle Corporation"/>
    <property name="java.vm.info" value="mixed mode"/>
    <property name="java.vm.version" value="11.0.2+9-LTS"/>
    <property name="sun.io.unicode.encoding" value="UnicodeLittle"/>
    <property name="java.class.version" value="55.0"/>
  </properties>
  <testcase name="beforeTest" classname="pkjTestCasesClasses.Test_Login_To_Flipkart" time="605.298">
    <failure message="session not created&#10;from timeout: Timed out receiving message from renderer: 600.000&#10;  (Session info: chrome=88.0.4324.146)&#10;Build info: version: &apos;3.5.3&apos;, revision: &apos;a88d25fe6b&apos;, time: &apos;2017-08-29T12:42:44.417Z&apos;&#10;System info: host: &apos;LAPTOP-D2ATB4FR&apos;, ip: &apos;192.168.0.102&apos;, os.name: &apos;Windows 10&apos;, os.arch: &apos;amd64&apos;, os.version: &apos;10.0&apos;, java.version: &apos;11.0.2&apos;&#10;Driver info: driver.version: ChromeDriver&#10;remote stacktrace: Backtrace:&#10;	Ordinal0 [0x00DEC0C3+3326147]&#10;	Ordinal0 [0x00CD0851+2164817]&#10;	Ordinal0 [0x00B57298+619160]&#10;	Ordinal0 [0x00B4B17F+569727]&#10;	Ordinal0 [0x00B4A421+566305]&#10;	Ordinal0 [0x00B4A815+567317]&#10;	Ordinal0 [0x00B4A135+565557]&#10;	Ordinal0 [0x00B538B1+604337]&#10;	Ordinal0 [0x00B4A0F1+565489]&#10;	Ordinal0 [0x00B4AEA2+568994]&#10;	Ordinal0 [0x00B4A421+566305]&#10;	Ordinal0 [0x00B4A815+567317]&#10;	Ordinal0 [0x00B4A135+565557]&#10;	Ordinal0 [0x00B51D2C+597292]&#10;	Ordinal0 [0x00B4A0F1+565489]&#10;	Ordinal0 [0x00B4AEA2+568994]&#10;	Ordinal0 [0x00B4A421+566305]&#10;	Ordinal0 [0x00B4A815+567317]&#10;	Ordinal0 [0x00B4A135+565557]&#10;	Ordinal0 [0x00B4FE62+589410]&#10;	Ordinal0 [0x00B4A0F1+565489]&#10;	Ordinal0 [0x00B4AEA2+568994]&#10;	Ordinal0 [0x00B4A421+566305]&#10;	Ordinal0 [0x00B4A815+567317]&#10;	Ordinal0 [0x00B4A135+565557]&#10;	Ordinal0 [0x00B4F075+585845]&#10;	Ordinal0 [0x00B4A0F1+565489]&#10;	Ordinal0 [0x00B4AEA2+568994]&#10;	Ordinal0 [0x00B4A421+566305]&#10;	Ordinal0 [0x00B4A815+567317]&#10;	Ordinal0 [0x00B4A135+565557]&#10;	Ordinal0 [0x00B46776+550774]&#10;	Ordinal0 [0x00B4A0F1+565489]&#10;	Ordinal0 [0x00B49F13+565011]&#10;	Ordinal0 [0x00B49D07+564487]&#10;	Ordinal0 [0x00B582C0+623296]&#10;	Ordinal0 [0x00AF6BDD+224221]&#10;	Ordinal0 [0x00AF5CAC+220332]&#10;	Ordinal0 [0x00AF189B+202907]&#10;	Ordinal0 [0x00AD3DF4+81396]&#10;	Ordinal0 [0x00AD4DEE+85486]&#10;	Ordinal0 [0x00AD4D79+85369]&#10;	Ordinal0 [0x00CE85DC+2262492]&#10;	GetHandleVerifier [0x00F72874+1487204]&#10;	GetHandleVerifier [0x00F723CD+1486013]&#10;	GetHandleVerifier [0x00F7A368+1518680]&#10;	GetHandleVerifier [0x00F72F4E+1488958]&#10;	Ordinal0 [0x00CDED0D+2223373]&#10;	Ordinal0 [0x00CEA12B+2269483]&#10;	Ordinal0 [0x00CEA26F+2269807]&#10;	Ordinal0 [0x00CFECB8+2354360]&#10;	BaseThreadInitThunk [0x776AFA29+25]&#10;	RtlGetAppContainerNamedObjectPath [0x778F75F4+228]&#10;	RtlGetAppContainerNamedObjectPath [0x778F75C4+180]&#10;" type="org.openqa.selenium.SessionNotCreatedException"><![CDATA[org.openqa.selenium.SessionNotCreatedException: 
session not created
from timeout: Timed out receiving message from renderer: 600.000
  (Session info: chrome=88.0.4324.146)
Build info: version: '3.5.3', revision: 'a88d25fe6b', time: '2017-08-29T12:42:44.417Z'
System info: host: 'LAPTOP-D2ATB4FR', ip: '192.168.0.102', os.name: 'Windows 10', os.arch: 'amd64', os.version: '10.0', java.version: '11.0.2'
Driver info: driver.version: ChromeDriver
remote stacktrace: Backtrace:
	Ordinal0 [0x00DEC0C3+3326147]
	Ordinal0 [0x00CD0851+2164817]
	Ordinal0 [0x00B57298+619160]
	Ordinal0 [0x00B4B17F+569727]
	Ordinal0 [0x00B4A421+566305]
	Ordinal0 [0x00B4A815+567317]
	Ordinal0 [0x00B4A135+565557]
	Ordinal0 [0x00B538B1+604337]
	Ordinal0 [0x00B4A0F1+565489]
	Ordinal0 [0x00B4AEA2+568994]
	Ordinal0 [0x00B4A421+566305]
	Ordinal0 [0x00B4A815+567317]
	Ordinal0 [0x00B4A135+565557]
	Ordinal0 [0x00B51D2C+597292]
	Ordinal0 [0x00B4A0F1+565489]
	Ordinal0 [0x00B4AEA2+568994]
	Ordinal0 [0x00B4A421+566305]
	Ordinal0 [0x00B4A815+567317]
	Ordinal0 [0x00B4A135+565557]
	Ordinal0 [0x00B4FE62+589410]
	Ordinal0 [0x00B4A0F1+565489]
	Ordinal0 [0x00B4AEA2+568994]
	Ordinal0 [0x00B4A421+566305]
	Ordinal0 [0x00B4A815+567317]
	Ordinal0 [0x00B4A135+565557]
	Ordinal0 [0x00B4F075+585845]
	Ordinal0 [0x00B4A0F1+565489]
	Ordinal0 [0x00B4AEA2+568994]
	Ordinal0 [0x00B4A421+566305]
	Ordinal0 [0x00B4A815+567317]
	Ordinal0 [0x00B4A135+565557]
	Ordinal0 [0x00B46776+550774]
	Ordinal0 [0x00B4A0F1+565489]
	Ordinal0 [0x00B49F13+565011]
	Ordinal0 [0x00B49D07+564487]
	Ordinal0 [0x00B582C0+623296]
	Ordinal0 [0x00AF6BDD+224221]
	Ordinal0 [0x00AF5CAC+220332]
	Ordinal0 [0x00AF189B+202907]
	Ordinal0 [0x00AD3DF4+81396]
	Ordinal0 [0x00AD4DEE+85486]
	Ordinal0 [0x00AD4D79+85369]
	Ordinal0 [0x00CE85DC+2262492]
	GetHandleVerifier [0x00F72874+1487204]
	GetHandleVerifier [0x00F723CD+1486013]
	GetHandleVerifier [0x00F7A368+1518680]
	GetHandleVerifier [0x00F72F4E+1488958]
	Ordinal0 [0x00CDED0D+2223373]
	Ordinal0 [0x00CEA12B+2269483]
	Ordinal0 [0x00CEA26F+2269807]
	Ordinal0 [0x00CFECB8+2354360]
	BaseThreadInitThunk [0x776AFA29+25]
	RtlGetAppContainerNamedObjectPath [0x778F75F4+228]
	RtlGetAppContainerNamedObjectPath [0x778F75C4+180]

	at pkjTestCasesClasses.Test_Login_To_Flipkart.beforeTest(Test_Login_To_Flipkart.java:46)
]]></failure>
    <system-out><![CDATA[I am Object0
I am config Constructor..
I am config Constructor..
I am LoginPage constructor...
I am Before Suite...of test 2
Calling Create Parent Folder
Parent Folder Created...C:\Users\vijay\git\newFramework\NewFramework\test-output\08-Feb-2021 07.46 PM
Calling Create Html Report
New Html Report created...
Calling Create Sub Foler()
Sub Folder Created....C:\Users\vijay\git\newFramework\NewFramework\test-output\08-Feb-2021 07.46 PM\Test_Login_To_Flipkart
Calling Create New Test Report
New Test is created in Html report
]]></system-out>
    <system-err><![CDATA[Starting ChromeDriver 87.0.4280.88 (89e2380a3e36c3464b5dd1302349b1382549290d-refs/branch-heads/4280@{#1761}) on port 19033
Only local connections are allowed.
Please see https://chromedriver.chromium.org/security-considerations for suggestions on keeping ChromeDriver safe.
ChromeDriver was started successfully.
[1612793785.087][WARNING]: This version of ChromeDriver has not been tested with Chrome version 88.
[1612794387.442][SEVERE]: Timed out receiving message from renderer: 600.000
]]></system-err>
  </testcase>
  <testcase name="login" classname="pkjTestCasesClasses.Test_Login_To_Flipkart" time="0">
    <skipped message="session not created&#10;from timeout: Timed out receiving message from renderer: 600.000&#10;  (Session info: chrome=88.0.4324.146)&#10;Build info: version: &apos;3.5.3&apos;, revision: &apos;a88d25fe6b&apos;, time: &apos;2017-08-29T12:42:44.417Z&apos;&#10;System info: host: &apos;LAPTOP-D2ATB4FR&apos;, ip: &apos;192.168.0.102&apos;, os.name: &apos;Windows 10&apos;, os.arch: &apos;amd64&apos;, os.version: &apos;10.0&apos;, java.version: &apos;11.0.2&apos;&#10;Driver info: driver.version: ChromeDriver&#10;remote stacktrace: Backtrace:&#10;	Ordinal0 [0x00DEC0C3+3326147]&#10;	Ordinal0 [0x00CD0851+2164817]&#10;	Ordinal0 [0x00B57298+619160]&#10;	Ordinal0 [0x00B4B17F+569727]&#10;	Ordinal0 [0x00B4A421+566305]&#10;	Ordinal0 [0x00B4A815+567317]&#10;	Ordinal0 [0x00B4A135+565557]&#10;	Ordinal0 [0x00B538B1+604337]&#10;	Ordinal0 [0x00B4A0F1+565489]&#10;	Ordinal0 [0x00B4AEA2+568994]&#10;	Ordinal0 [0x00B4A421+566305]&#10;	Ordinal0 [0x00B4A815+567317]&#10;	Ordinal0 [0x00B4A135+565557]&#10;	Ordinal0 [0x00B51D2C+597292]&#10;	Ordinal0 [0x00B4A0F1+565489]&#10;	Ordinal0 [0x00B4AEA2+568994]&#10;	Ordinal0 [0x00B4A421+566305]&#10;	Ordinal0 [0x00B4A815+567317]&#10;	Ordinal0 [0x00B4A135+565557]&#10;	Ordinal0 [0x00B4FE62+589410]&#10;	Ordinal0 [0x00B4A0F1+565489]&#10;	Ordinal0 [0x00B4AEA2+568994]&#10;	Ordinal0 [0x00B4A421+566305]&#10;	Ordinal0 [0x00B4A815+567317]&#10;	Ordinal0 [0x00B4A135+565557]&#10;	Ordinal0 [0x00B4F075+585845]&#10;	Ordinal0 [0x00B4A0F1+565489]&#10;	Ordinal0 [0x00B4AEA2+568994]&#10;	Ordinal0 [0x00B4A421+566305]&#10;	Ordinal0 [0x00B4A815+567317]&#10;	Ordinal0 [0x00B4A135+565557]&#10;	Ordinal0 [0x00B46776+550774]&#10;	Ordinal0 [0x00B4A0F1+565489]&#10;	Ordinal0 [0x00B49F13+565011]&#10;	Ordinal0 [0x00B49D07+564487]&#10;	Ordinal0 [0x00B582C0+623296]&#10;	Ordinal0 [0x00AF6BDD+224221]&#10;	Ordinal0 [0x00AF5CAC+220332]&#10;	Ordinal0 [0x00AF189B+202907]&#10;	Ordinal0 [0x00AD3DF4+81396]&#10;	Ordinal0 [0x00AD4DEE+85486]&#10;	Ordinal0 [0x00AD4D79+85369]&#10;	Ordinal0 [0x00CE85DC+2262492]&#10;	GetHandleVerifier [0x00F72874+1487204]&#10;	GetHandleVerifier [0x00F723CD+1486013]&#10;	GetHandleVerifier [0x00F7A368+1518680]&#10;	GetHandleVerifier [0x00F72F4E+1488958]&#10;	Ordinal0 [0x00CDED0D+2223373]&#10;	Ordinal0 [0x00CEA12B+2269483]&#10;	Ordinal0 [0x00CEA26F+2269807]&#10;	Ordinal0 [0x00CFECB8+2354360]&#10;	BaseThreadInitThunk [0x776AFA29+25]&#10;	RtlGetAppContainerNamedObjectPath [0x778F75F4+228]&#10;	RtlGetAppContainerNamedObjectPath [0x778F75C4+180]&#10;"/>
    <system-out><![CDATA[I am Total Rows....
I am Total Rows....5
I am test rows...
I am testColumn...
testcolumn= 3
I am testColumn...
testcolumn= 3
startRowNum= 4
endRowNum= 5
testRows= 2
I am Parent For loop I= 0
Value written in If 
I am Child For loop j= user3
Value written in If 
I am Child For loop j= vsdf
I am Parent For loop I= 1
Value written in If 
I am Child For loop j= usr4
Value written in If 
I am Child For loop j= fdgssss
Returning to Data Provider 
]]></system-out>
  </testcase>
  <testcase name="login" classname="pkjTestCasesClasses.Test_Login_To_Flipkart" time="0">
    <skipped message="session not created&#10;from timeout: Timed out receiving message from renderer: 600.000&#10;  (Session info: chrome=88.0.4324.146)&#10;Build info: version: &apos;3.5.3&apos;, revision: &apos;a88d25fe6b&apos;, time: &apos;2017-08-29T12:42:44.417Z&apos;&#10;System info: host: &apos;LAPTOP-D2ATB4FR&apos;, ip: &apos;192.168.0.102&apos;, os.name: &apos;Windows 10&apos;, os.arch: &apos;amd64&apos;, os.version: &apos;10.0&apos;, java.version: &apos;11.0.2&apos;&#10;Driver info: driver.version: ChromeDriver&#10;remote stacktrace: Backtrace:&#10;	Ordinal0 [0x00DEC0C3+3326147]&#10;	Ordinal0 [0x00CD0851+2164817]&#10;	Ordinal0 [0x00B57298+619160]&#10;	Ordinal0 [0x00B4B17F+569727]&#10;	Ordinal0 [0x00B4A421+566305]&#10;	Ordinal0 [0x00B4A815+567317]&#10;	Ordinal0 [0x00B4A135+565557]&#10;	Ordinal0 [0x00B538B1+604337]&#10;	Ordinal0 [0x00B4A0F1+565489]&#10;	Ordinal0 [0x00B4AEA2+568994]&#10;	Ordinal0 [0x00B4A421+566305]&#10;	Ordinal0 [0x00B4A815+567317]&#10;	Ordinal0 [0x00B4A135+565557]&#10;	Ordinal0 [0x00B51D2C+597292]&#10;	Ordinal0 [0x00B4A0F1+565489]&#10;	Ordinal0 [0x00B4AEA2+568994]&#10;	Ordinal0 [0x00B4A421+566305]&#10;	Ordinal0 [0x00B4A815+567317]&#10;	Ordinal0 [0x00B4A135+565557]&#10;	Ordinal0 [0x00B4FE62+589410]&#10;	Ordinal0 [0x00B4A0F1+565489]&#10;	Ordinal0 [0x00B4AEA2+568994]&#10;	Ordinal0 [0x00B4A421+566305]&#10;	Ordinal0 [0x00B4A815+567317]&#10;	Ordinal0 [0x00B4A135+565557]&#10;	Ordinal0 [0x00B4F075+585845]&#10;	Ordinal0 [0x00B4A0F1+565489]&#10;	Ordinal0 [0x00B4AEA2+568994]&#10;	Ordinal0 [0x00B4A421+566305]&#10;	Ordinal0 [0x00B4A815+567317]&#10;	Ordinal0 [0x00B4A135+565557]&#10;	Ordinal0 [0x00B46776+550774]&#10;	Ordinal0 [0x00B4A0F1+565489]&#10;	Ordinal0 [0x00B49F13+565011]&#10;	Ordinal0 [0x00B49D07+564487]&#10;	Ordinal0 [0x00B582C0+623296]&#10;	Ordinal0 [0x00AF6BDD+224221]&#10;	Ordinal0 [0x00AF5CAC+220332]&#10;	Ordinal0 [0x00AF189B+202907]&#10;	Ordinal0 [0x00AD3DF4+81396]&#10;	Ordinal0 [0x00AD4DEE+85486]&#10;	Ordinal0 [0x00AD4D79+85369]&#10;	Ordinal0 [0x00CE85DC+2262492]&#10;	GetHandleVerifier [0x00F72874+1487204]&#10;	GetHandleVerifier [0x00F723CD+1486013]&#10;	GetHandleVerifier [0x00F7A368+1518680]&#10;	GetHandleVerifier [0x00F72F4E+1488958]&#10;	Ordinal0 [0x00CDED0D+2223373]&#10;	Ordinal0 [0x00CEA12B+2269483]&#10;	Ordinal0 [0x00CEA26F+2269807]&#10;	Ordinal0 [0x00CFECB8+2354360]&#10;	BaseThreadInitThunk [0x776AFA29+25]&#10;	RtlGetAppContainerNamedObjectPath [0x778F75F4+228]&#10;	RtlGetAppContainerNamedObjectPath [0x778F75C4+180]&#10;"/>
  </testcase>
  <testcase name="afterTest" classname="pkjTestCasesClasses.Test_Login_To_Flipkart" time="0">
    <skipped/>
  </testcase>
  <testcase name="afterSuite" classname="pkjTestCasesClasses.Test_Login_To_Flipkart" time="0">
    <skipped/>
  </testcase>
</testsuite>